<?xml version="1.0" encoding="UTF-8"?>
<testsuite xmlns:xsi="http://www.w3.org/2001/XMLSchema-instance" xsi:noNamespaceSchemaLocation="https://maven.apache.org/surefire/maven-surefire-plugin/xsd/surefire-test-report-3.0.xsd" version="3.0" name="com.oficina.presence_hub.controllers.ParticipacaoControllerTest" time="3.623" tests="5" errors="0" skipped="0" failures="0">
  <properties>
[...]
</properties>
  <testcase name="testCreateParticipacao" classname="com.oficina.presence_hub.controllers.ParticipacaoControllerTest" time="1.222">
    <system-out><![CDATA[Standard Commons Logging discovery in action with spring-jcl: please remove commons-logging.jar from classpath in order to avoid potential conflicts
17:11:03.506 [main] INFO org.springframework.test.context.support.AnnotationConfigContextLoaderUtils -- Could not detect default configuration classes for test class [com.oficina.presence_hub.controllers.ParticipacaoControllerTest]: ParticipacaoControllerTest does not declare any static, non-private, non-final, nested classes annotated with @Configuration.
17:11:03.585 [main] INFO org.springframework.boot.test.context.SpringBootTestContextBootstrapper -- Found @SpringBootConfiguration com.oficina.presence_hub.PresenceHubApplication for test class com.oficina.presence_hub.controllers.ParticipacaoControllerTest
17:11:03.651 [main] INFO org.springframework.boot.devtools.restart.RestartApplicationListener -- Restart disabled due to context in which it is running

  .   ____          _            __ _ _
 /\\ / ___'_ __ _ _(_)_ __  __ _ \ \ \ \
( ( )\___ | '_ | '_| | '_ \/ _` | \ \ \ \
 \\/  ___)| |_)| | | | | || (_| |  ) ) ) )
  '  |____| .__|_| |_|_| |_\__, | / / / /
 =========|_|==============|___/=/_/_/_/

 :: Spring Boot ::                (v3.3.5)

2024-12-10T17:11:03.777-03:00  INFO 41030 --- [           main] c.o.p.c.ParticipacaoControllerTest       : Starting ParticipacaoControllerTest using Java 17.0.12 with PID 41030 (started by willian.sanches in /Users/willian.sanches/Dev/presence-hub/backend/presence-hub-back)
2024-12-10T17:11:03.778-03:00  INFO 41030 --- [           main] c.o.p.c.ParticipacaoControllerTest       : The following 1 profile is active: "test"
2024-12-10T17:11:04.193-03:00  INFO 41030 --- [           main] .s.d.r.c.RepositoryConfigurationDelegate : Bootstrapping Spring Data JPA repositories in DEFAULT mode.
2024-12-10T17:11:04.233-03:00  INFO 41030 --- [           main] .s.d.r.c.RepositoryConfigurationDelegate : Finished Spring Data repository scanning in 36 ms. Found 5 JPA repository interfaces.
2024-12-10T17:11:04.505-03:00  INFO 41030 --- [           main] o.s.b.w.embedded.tomcat.TomcatWebServer  : Tomcat initialized with port 0 (http)
2024-12-10T17:11:04.512-03:00  INFO 41030 --- [           main] o.apache.catalina.core.StandardService   : Starting service [Tomcat]
2024-12-10T17:11:04.513-03:00  INFO 41030 --- [           main] o.apache.catalina.core.StandardEngine    : Starting Servlet engine: [Apache Tomcat/10.1.31]
2024-12-10T17:11:04.541-03:00  INFO 41030 --- [           main] o.a.c.c.C.[Tomcat].[localhost].[/]       : Initializing Spring embedded WebApplicationContext
2024-12-10T17:11:04.541-03:00  INFO 41030 --- [           main] w.s.c.ServletWebServerApplicationContext : Root WebApplicationContext: initialization completed in 651 ms
Standard Commons Logging discovery in action with spring-jcl: please remove commons-logging.jar from classpath in order to avoid potential conflicts
2024-12-10T17:11:04.584-03:00  INFO 41030 --- [           main] com.zaxxer.hikari.HikariDataSource       : HikariPool-1 - Starting...
2024-12-10T17:11:04.678-03:00  INFO 41030 --- [           main] com.zaxxer.hikari.pool.HikariPool        : HikariPool-1 - Added connection conn0: url=jdbc:h2:mem:testdb user=SA
2024-12-10T17:11:04.679-03:00  INFO 41030 --- [           main] com.zaxxer.hikari.HikariDataSource       : HikariPool-1 - Start completed.
2024-12-10T17:11:04.680-03:00 DEBUG 41030 --- [           main] o.s.jdbc.datasource.init.ScriptUtils     : Executing SQL script from file [/Users/willian.sanches/Dev/presence-hub/backend/presence-hub-back/target/test-classes/data.sql]
2024-12-10T17:11:04.687-03:00 DEBUG 41030 --- [           main] o.s.jdbc.datasource.init.ScriptUtils     : 0 returned as update count for SQL: CREATE TABLE aluno ( id BIGINT AUTO_INCREMENT PRIMARY KEY, nome VARCHAR(255) NOT NULL, email VARCHAR(255) NOT NULL, senha VARCHAR(255) NOT NULL, idade INT, serie VARCHAR(255), instituicao_de_ensino VARCHAR(255), telefone_contato VARCHAR(255), cidade VARCHAR(255), estado VARCHAR(255), nome_responsavel VARCHAR(255), telefone_responsavel VARCHAR(255), matricula_projeto VARCHAR(255), status_participacao VARCHAR(255), data_inscricao DATE, observacoes TEXT )
2024-12-10T17:11:04.687-03:00 DEBUG 41030 --- [           main] o.s.jdbc.datasource.init.ScriptUtils     : 0 returned as update count for SQL: CREATE TABLE professor ( id BIGINT AUTO_INCREMENT PRIMARY KEY, nome VARCHAR(255) NOT NULL, email VARCHAR(255) NOT NULL, telefone_contato VARCHAR(255), especializacao VARCHAR(255), instituicao_vinculo VARCHAR(255) )
2024-12-10T17:11:04.693-03:00 DEBUG 41030 --- [           main] o.s.jdbc.datasource.init.ScriptUtils     : 0 returned as update count for SQL: CREATE TABLE IF NOT EXISTS WORKSHOP ( id BIGINT AUTO_INCREMENT PRIMARY KEY, titulo VARCHAR(255) NOT NULL, descricao VARCHAR(255), data DATE, professor_id BIGINT, FOREIGN KEY (professor_id) REFERENCES professor(id) )
2024-12-10T17:11:04.695-03:00 DEBUG 41030 --- [           main] o.s.jdbc.datasource.init.ScriptUtils     : 0 returned as update count for SQL: CREATE TABLE IF NOT EXISTS CERTIFICADO ( id BIGINT AUTO_INCREMENT PRIMARY KEY, aluno_id BIGINT, workshop_id BIGINT, assinatura_digital VARCHAR(255), data_emissao DATE, FOREIGN KEY (aluno_id) REFERENCES ALUNO(id), FOREIGN KEY (workshop_id) REFERENCES WORKSHOP(id) )
2024-12-10T17:11:04.696-03:00 DEBUG 41030 --- [           main] o.s.jdbc.datasource.init.ScriptUtils     : 0 returned as update count for SQL: CREATE TABLE IF NOT EXISTS PARTICIPACAO ( id BIGINT AUTO_INCREMENT PRIMARY KEY, aluno_id BIGINT, workshop_id BIGINT, presente BOOLEAN, FOREIGN KEY (aluno_id) REFERENCES ALUNO(id), FOREIGN KEY (workshop_id) REFERENCES WORKSHOP(id))
2024-12-10T17:11:04.698-03:00 DEBUG 41030 --- [           main] o.s.jdbc.datasource.init.ScriptUtils     : 1 returned as update count for SQL: INSERT INTO aluno (id, nome, email, senha, idade, serie, instituicao_de_ensino, telefone_contato, cidade, estado, nome_responsavel, telefone_responsavel, matricula_projeto, status_participacao, data_inscricao, observacoes) VALUES (999, 'John Doe', 'john.doe@example.com', 'password', 23, '5th Year', 'Example Institute', '123-456-7893', 'Example Village', 'Example State', 'David Brown', '098-765-4324', '654323', 'Active', '2023-03-01', 'No observations')
2024-12-10T17:11:04.698-03:00 DEBUG 41030 --- [           main] o.s.jdbc.datasource.init.ScriptUtils     : 1 returned as update count for SQL: INSERT INTO aluno (id, nome, email, senha, idade, serie, instituicao_de_ensino, telefone_contato, cidade, estado, nome_responsavel, telefone_responsavel, matricula_projeto, status_participacao, data_inscricao, observacoes) VALUES (998, 'Jane Doe', 'jane.doe@example.com', 'password', 23, '5th Year', 'Example Institute', '123-456-7893', 'Example Village', 'Example State', 'David Brown', '098-765-4324', '654323', 'Active', '2023-03-01', 'No observations')
2024-12-10T17:11:04.699-03:00 DEBUG 41030 --- [           main] o.s.jdbc.datasource.init.ScriptUtils     : 1 returned as update count for SQL: INSERT INTO WORKSHOP (id, titulo, descricao, data) VALUES (997, 'Workshop 1', 'Description for Workshop 1', '2023-10-01')
2024-12-10T17:11:04.699-03:00 DEBUG 41030 --- [           main] o.s.jdbc.datasource.init.ScriptUtils     : 1 returned as update count for SQL: INSERT INTO WORKSHOP (id, titulo, descricao, data) VALUES (996, 'Workshop 2', 'Description for Workshop 2', '2023-11-01')
2024-12-10T17:11:04.699-03:00 DEBUG 41030 --- [           main] o.s.jdbc.datasource.init.ScriptUtils     : 1 returned as update count for SQL: INSERT INTO WORKSHOP (id, titulo, descricao, data) VALUES (995, 'Workshop 3', 'Description for Workshop 3', '2023-12-01')
2024-12-10T17:11:04.699-03:00 DEBUG 41030 --- [           main] o.s.jdbc.datasource.init.ScriptUtils     : 1 returned as update count for SQL: INSERT INTO PARTICIPACAO (id, aluno_id, workshop_id, presente) VALUES (999, 998, 997, true)
2024-12-10T17:11:04.700-03:00 DEBUG 41030 --- [           main] o.s.jdbc.datasource.init.ScriptUtils     : 1 returned as update count for SQL: INSERT INTO PARTICIPACAO (id, aluno_id, workshop_id, presente) VALUES (998, 999, 996, false)
2024-12-10T17:11:04.700-03:00 DEBUG 41030 --- [           main] o.s.jdbc.datasource.init.ScriptUtils     : 1 returned as update count for SQL: INSERT INTO CERTIFICADO (id, aluno_id, workshop_id, assinatura_digital, data_emissao) VALUES (991, 998, 997, 'digital-signature-1', '2023-10-01')
2024-12-10T17:11:04.701-03:00 DEBUG 41030 --- [           main] o.s.jdbc.datasource.init.ScriptUtils     : 1 returned as update count for SQL: INSERT INTO CERTIFICADO (id, aluno_id, workshop_id, assinatura_digital, data_emissao) VALUES (992, 999, 996, 'digital-signature-2', '2023-11-01')
2024-12-10T17:11:04.701-03:00 DEBUG 41030 --- [           main] o.s.jdbc.datasource.init.ScriptUtils     : 1 returned as update count for SQL: INSERT INTO CERTIFICADO (id, aluno_id, workshop_id, assinatura_digital, data_emissao) VALUES (993, 998, 995, 'digital-signature-3', '2023-12-01')
2024-12-10T17:11:04.702-03:00 DEBUG 41030 --- [           main] o.s.jdbc.datasource.init.ScriptUtils     : Executed SQL script from file [/Users/willian.sanches/Dev/presence-hub/backend/presence-hub-back/target/test-classes/data.sql] in 21 ms.
2024-12-10T17:11:04.745-03:00  INFO 41030 --- [           main] o.hibernate.jpa.internal.util.LogHelper  : HHH000204: Processing PersistenceUnitInfo [name: default]
2024-12-10T17:11:04.768-03:00  INFO 41030 --- [           main] org.hibernate.Version                    : HHH000412: Hibernate ORM core version 6.2.5.Final
2024-12-10T17:11:04.769-03:00  INFO 41030 --- [           main] org.hibernate.cfg.Environment            : HHH000406: Using bytecode reflection optimizer
2024-12-10T17:11:04.828-03:00  INFO 41030 --- [           main] o.h.b.i.BytecodeProviderInitiator        : HHH000021: Bytecode provider name : bytebuddy
2024-12-10T17:11:04.886-03:00  INFO 41030 --- [           main] o.s.o.j.p.SpringPersistenceUnitInfo      : No LoadTimeWeaver setup: ignoring JPA class transformer
2024-12-10T17:11:04.904-03:00  WARN 41030 --- [           main] org.hibernate.orm.deprecation            : HHH90000026: PostgreSQL10Dialect has been deprecated; use org.hibernate.dialect.PostgreSQLDialect instead
2024-12-10T17:11:04.914-03:00 DEBUG 41030 --- [           main] o.h.t.d.sql.spi.DdlTypeRegistry          : addDescriptor(6, org.hibernate.type.descriptor.sql.internal.CapacityDependentDdlType@405603b6) replaced previous registration(org.hibernate.type.descriptor.sql.internal.DdlTypeImpl@3c3cd13a)
2024-12-10T17:11:05.017-03:00  INFO 41030 --- [           main] o.h.b.i.BytecodeProviderInitiator        : HHH000021: Bytecode provider name : bytebuddy
2024-12-10T17:11:05.320-03:00  INFO 41030 --- [           main] o.h.e.t.j.p.i.JtaPlatformInitiator       : HHH000490: Using JtaPlatform implementation: [org.hibernate.engine.transaction.jta.platform.internal.NoJtaPlatform]
2024-12-10T17:11:05.321-03:00  INFO 41030 --- [           main] j.LocalContainerEntityManagerFactoryBean : Initialized JPA EntityManagerFactory for persistence unit 'default'
2024-12-10T17:11:05.470-03:00  WARN 41030 --- [           main] JpaBaseConfiguration$JpaWebConfiguration : spring.jpa.open-in-view is enabled by default. Therefore, database queries may be performed during view rendering. Explicitly configure spring.jpa.open-in-view to disable this warning
2024-12-10T17:11:05.677-03:00  INFO 41030 --- [           main] o.s.b.w.embedded.tomcat.TomcatWebServer  : Tomcat started on port 63826 (http) with context path '/'
2024-12-10T17:11:05.682-03:00  INFO 41030 --- [           main] c.o.p.c.ParticipacaoControllerTest       : Started ParticipacaoControllerTest in 2.036 seconds (process running for 2.654)
2024-12-10T17:11:06.543-03:00  INFO 41030 --- [o-auto-1-exec-1] o.a.c.c.C.[Tomcat].[localhost].[/]       : Initializing Spring DispatcherServlet 'dispatcherServlet'
2024-12-10T17:11:06.543-03:00  INFO 41030 --- [o-auto-1-exec-1] o.s.web.servlet.DispatcherServlet        : Initializing Servlet 'dispatcherServlet'
2024-12-10T17:11:06.544-03:00  INFO 41030 --- [o-auto-1-exec-1] o.s.web.servlet.DispatcherServlet        : Completed initialization in 0 ms
2024-12-10T17:11:06.607-03:00 DEBUG 41030 --- [o-auto-1-exec-1] org.hibernate.SQL                        : 
    insert 
    into
        participacao
        (aluno_id,presente,workshop_id) 
    values
        (?,?,?)
2024-12-10T17:11:06.641-03:00 DEBUG 41030 --- [o-auto-1-exec-1] org.hibernate.SQL                        : 
    select
        a1_0.id,
        a1_0.cidade,
        a1_0.data_inscricao,
        a1_0.email,
        a1_0.estado,
        a1_0.idade,
        a1_0.instituicao_de_ensino,
        a1_0.matricula_projeto,
        a1_0.nome,
        a1_0.nome_responsavel,
        a1_0.observacoes,
        a1_0.senha,
        a1_0.serie,
        a1_0.status_participacao,
        a1_0.telefone_contato,
        a1_0.telefone_responsavel 
    from
        aluno a1_0 
    where
        a1_0.id=?
2024-12-10T17:11:06.648-03:00 DEBUG 41030 --- [o-auto-1-exec-1] org.hibernate.SQL                        : 
    select
        w1_0.id,
        w1_0.data,
        w1_0.descricao,
        p1_0.id,
        p1_0.email,
        p1_0.especializacao,
        p1_0.instituicao_vinculo,
        p1_0.nome,
        p1_0.telefone_contato,
        w1_0.titulo 
    from
        workshop w1_0 
    left join
        professor p1_0 
            on p1_0.id=w1_0.professor_id 
    where
        w1_0.id=?
]]></system-out>
  </testcase>
  <testcase name="testGetAllParticipacoes" classname="com.oficina.presence_hub.controllers.ParticipacaoControllerTest" time="0.066">
    <system-out><![CDATA[2024-12-10T17:11:06.966-03:00 DEBUG 41030 --- [o-auto-1-exec-2] org.hibernate.SQL                        : 
    select
        p1_0.id,
        p1_0.aluno_id,
        p1_0.presente,
        p1_0.workshop_id 
    from
        participacao p1_0
2024-12-10T17:11:06.968-03:00 DEBUG 41030 --- [o-auto-1-exec-2] org.hibernate.SQL                        : 
    select
        a1_0.id,
        a1_0.cidade,
        a1_0.data_inscricao,
        a1_0.email,
        a1_0.estado,
        a1_0.idade,
        a1_0.instituicao_de_ensino,
        a1_0.matricula_projeto,
        a1_0.nome,
        a1_0.nome_responsavel,
        a1_0.observacoes,
        a1_0.senha,
        a1_0.serie,
        a1_0.status_participacao,
        a1_0.telefone_contato,
        a1_0.telefone_responsavel 
    from
        aluno a1_0 
    where
        a1_0.id=?
2024-12-10T17:11:06.968-03:00 DEBUG 41030 --- [o-auto-1-exec-2] org.hibernate.SQL                        : 
    select
        w1_0.id,
        w1_0.data,
        w1_0.descricao,
        p1_0.id,
        p1_0.email,
        p1_0.especializacao,
        p1_0.instituicao_vinculo,
        p1_0.nome,
        p1_0.telefone_contato,
        w1_0.titulo 
    from
        workshop w1_0 
    left join
        professor p1_0 
            on p1_0.id=w1_0.professor_id 
    where
        w1_0.id=?
2024-12-10T17:11:06.969-03:00 DEBUG 41030 --- [o-auto-1-exec-2] org.hibernate.SQL                        : 
    select
        a1_0.id,
        a1_0.cidade,
        a1_0.data_inscricao,
        a1_0.email,
        a1_0.estado,
        a1_0.idade,
        a1_0.instituicao_de_ensino,
        a1_0.matricula_projeto,
        a1_0.nome,
        a1_0.nome_responsavel,
        a1_0.observacoes,
        a1_0.senha,
        a1_0.serie,
        a1_0.status_participacao,
        a1_0.telefone_contato,
        a1_0.telefone_responsavel 
    from
        aluno a1_0 
    where
        a1_0.id=?
2024-12-10T17:11:06.969-03:00 DEBUG 41030 --- [o-auto-1-exec-2] org.hibernate.SQL                        : 
    select
        w1_0.id,
        w1_0.data,
        w1_0.descricao,
        p1_0.id,
        p1_0.email,
        p1_0.especializacao,
        p1_0.instituicao_vinculo,
        p1_0.nome,
        p1_0.telefone_contato,
        w1_0.titulo 
    from
        workshop w1_0 
    left join
        professor p1_0 
            on p1_0.id=w1_0.professor_id 
    where
        w1_0.id=?
]]></system-out>
  </testcase>
  <testcase name="testDeleteParticipacao" classname="com.oficina.presence_hub.controllers.ParticipacaoControllerTest" time="0.019">
    <system-out><![CDATA[2024-12-10T17:11:06.983-03:00 DEBUG 41030 --- [o-auto-1-exec-3] org.hibernate.SQL                        : 
    select
        p1_0.id,
        a1_0.id,
        a1_0.cidade,
        a1_0.data_inscricao,
        a1_0.email,
        a1_0.estado,
        a1_0.idade,
        a1_0.instituicao_de_ensino,
        a1_0.matricula_projeto,
        a1_0.nome,
        a1_0.nome_responsavel,
        a1_0.observacoes,
        a1_0.senha,
        a1_0.serie,
        a1_0.status_participacao,
        a1_0.telefone_contato,
        a1_0.telefone_responsavel,
        p1_0.presente,
        w1_0.id,
        w1_0.data,
        w1_0.descricao,
        p2_0.id,
        p2_0.email,
        p2_0.especializacao,
        p2_0.instituicao_vinculo,
        p2_0.nome,
        p2_0.telefone_contato,
        w1_0.titulo 
    from
        participacao p1_0 
    left join
        aluno a1_0 
            on a1_0.id=p1_0.aluno_id 
    left join
        workshop w1_0 
            on w1_0.id=p1_0.workshop_id 
    left join
        professor p2_0 
            on p2_0.id=w1_0.professor_id 
    where
        p1_0.id=?
2024-12-10T17:11:06.989-03:00 DEBUG 41030 --- [o-auto-1-exec-3] org.hibernate.SQL                        : 
    delete 
    from
        participacao 
    where
        id=?
]]></system-out>
  </testcase>
  <testcase name="testUpdateParticipacao" classname="com.oficina.presence_hub.controllers.ParticipacaoControllerTest" time="0.015">
    <system-out><![CDATA[2024-12-10T17:11:07.001-03:00 DEBUG 41030 --- [o-auto-1-exec-4] org.hibernate.SQL                        : 
    select
        p1_0.id,
        a1_0.id,
        a1_0.cidade,
        a1_0.data_inscricao,
        a1_0.email,
        a1_0.estado,
        a1_0.idade,
        a1_0.instituicao_de_ensino,
        a1_0.matricula_projeto,
        a1_0.nome,
        a1_0.nome_responsavel,
        a1_0.observacoes,
        a1_0.senha,
        a1_0.serie,
        a1_0.status_participacao,
        a1_0.telefone_contato,
        a1_0.telefone_responsavel,
        p1_0.presente,
        w1_0.id,
        w1_0.data,
        w1_0.descricao,
        p2_0.id,
        p2_0.email,
        p2_0.especializacao,
        p2_0.instituicao_vinculo,
        p2_0.nome,
        p2_0.telefone_contato,
        w1_0.titulo 
    from
        participacao p1_0 
    left join
        aluno a1_0 
            on a1_0.id=p1_0.aluno_id 
    left join
        workshop w1_0 
            on w1_0.id=p1_0.workshop_id 
    left join
        professor p2_0 
            on p2_0.id=w1_0.professor_id 
    where
        p1_0.id=?
2024-12-10T17:11:07.005-03:00 DEBUG 41030 --- [o-auto-1-exec-4] org.hibernate.SQL                        : 
    update
        participacao 
    set
        aluno_id=?,
        presente=?,
        workshop_id=? 
    where
        id=?
]]></system-out>
  </testcase>
  <testcase name="testGetParticipacaoById" classname="com.oficina.presence_hub.controllers.ParticipacaoControllerTest" time="0.017">
    <system-out><![CDATA[2024-12-10T17:11:07.017-03:00 DEBUG 41030 --- [o-auto-1-exec-5] org.hibernate.SQL                        : 
    select
        p1_0.id,
        a1_0.id,
        a1_0.cidade,
        a1_0.data_inscricao,
        a1_0.email,
        a1_0.estado,
        a1_0.idade,
        a1_0.instituicao_de_ensino,
        a1_0.matricula_projeto,
        a1_0.nome,
        a1_0.nome_responsavel,
        a1_0.observacoes,
        a1_0.senha,
        a1_0.serie,
        a1_0.status_participacao,
        a1_0.telefone_contato,
        a1_0.telefone_responsavel,
        p1_0.presente,
        w1_0.id,
        w1_0.data,
        w1_0.descricao,
        p2_0.id,
        p2_0.email,
        p2_0.especializacao,
        p2_0.instituicao_vinculo,
        p2_0.nome,
        p2_0.telefone_contato,
        w1_0.titulo 
    from
        participacao p1_0 
    left join
        aluno a1_0 
            on a1_0.id=p1_0.aluno_id 
    left join
        workshop w1_0 
            on w1_0.id=p1_0.workshop_id 
    left join
        professor p2_0 
            on p2_0.id=w1_0.professor_id 
    where
        p1_0.id=?
]]></system-out>
  </testcase>
</testsuite>