<?xml version="1.0" encoding="UTF-8"?>
<testsuite xmlns:xsi="http://www.w3.org/2001/XMLSchema-instance" xsi:noNamespaceSchemaLocation="https://maven.apache.org/surefire/maven-surefire-plugin/xsd/surefire-test-report-3.0.xsd" version="3.0" name="com.oficina.presence_hub.controllers.AlunoControllerTest" time="0.109" tests="5" errors="0" skipped="0" failures="0">
  <properties>
[...]
</properties>
  <testcase name="createAlunoTest" classname="com.oficina.presence_hub.controllers.AlunoControllerTest" time="0.026">
    <system-out><![CDATA[2024-12-10T17:11:07.145-03:00  INFO 41030 --- [           main] t.c.s.AnnotationConfigContextLoaderUtils : Could not detect default configuration classes for test class [com.oficina.presence_hub.controllers.AlunoControllerTest]: AlunoControllerTest does not declare any static, non-private, non-final, nested classes annotated with @Configuration.
2024-12-10T17:11:07.146-03:00  INFO 41030 --- [           main] .b.t.c.SpringBootTestContextBootstrapper : Found @SpringBootConfiguration com.oficina.presence_hub.PresenceHubApplication for test class com.oficina.presence_hub.controllers.AlunoControllerTest
2024-12-10T17:11:07.156-03:00  INFO 41030 --- [o-auto-1-exec-1] c.o.presence_hub.services.AlunoService   : Creating Aluno: AlunoDTO[id=null, nome=John Doe, email=john.doe@example.com, senha=password, idade=20, serie=3rd Year, instituicaoDeEnsino=Example University, telefoneContato=123-456-7890, cidade=Example City, estado=Example State, nomeResponsavel=Jane Doe, telefoneResponsavel=098-765-4321, matriculaProjeto=123456, statusParticipacao=Active, dataInscricao=2024-12-10, observacoes=No observations, participacoes=[], certificados=[]]
2024-12-10T17:11:07.160-03:00 DEBUG 41030 --- [o-auto-1-exec-1] org.hibernate.SQL                        : 
    insert 
    into
        aluno
        (cidade,data_inscricao,email,estado,idade,instituicao_de_ensino,matricula_projeto,nome,nome_responsavel,observacoes,senha,serie,status_participacao,telefone_contato,telefone_responsavel) 
    values
        (?,?,?,?,?,?,?,?,?,?,?,?,?,?,?)
2024-12-10T17:11:07.161-03:00  INFO 41030 --- [o-auto-1-exec-1] c.o.presence_hub.services.AlunoService   : Aluno created successfully: com.oficina.presence_hub.entities.Aluno@3e70e827
]]></system-out>
  </testcase>
  <testcase name="getAllAlunosTest" classname="com.oficina.presence_hub.controllers.AlunoControllerTest" time="0.012">
    <system-out><![CDATA[2024-12-10T17:11:07.178-03:00  INFO 41030 --- [o-auto-1-exec-2] c.o.presence_hub.services.AlunoService   : Fetching all Alunos
2024-12-10T17:11:07.179-03:00 DEBUG 41030 --- [o-auto-1-exec-2] org.hibernate.SQL                        : 
    select
        a1_0.id,
        a1_0.cidade,
        a1_0.data_inscricao,
        a1_0.email,
        a1_0.estado,
        a1_0.idade,
        a1_0.instituicao_de_ensino,
        a1_0.matricula_projeto,
        a1_0.nome,
        a1_0.nome_responsavel,
        a1_0.observacoes,
        a1_0.senha,
        a1_0.serie,
        a1_0.status_participacao,
        a1_0.telefone_contato,
        a1_0.telefone_responsavel 
    from
        aluno a1_0
2024-12-10T17:11:07.180-03:00  INFO 41030 --- [o-auto-1-exec-2] c.o.presence_hub.services.AlunoService   : Fetched 3 Alunos
]]></system-out>
  </testcase>
  <testcase name="getAlunoByIdTest" classname="com.oficina.presence_hub.controllers.AlunoControllerTest" time="0.023">
    <system-out><![CDATA[2024-12-10T17:11:07.195-03:00  INFO 41030 --- [o-auto-1-exec-3] c.o.presence_hub.services.AlunoService   : Fetching Aluno by id: 999
2024-12-10T17:11:07.195-03:00 DEBUG 41030 --- [o-auto-1-exec-3] org.hibernate.SQL                        : 
    select
        a1_0.id,
        a1_0.cidade,
        a1_0.data_inscricao,
        a1_0.email,
        a1_0.estado,
        a1_0.idade,
        a1_0.instituicao_de_ensino,
        a1_0.matricula_projeto,
        a1_0.nome,
        a1_0.nome_responsavel,
        a1_0.observacoes,
        a1_0.senha,
        a1_0.serie,
        a1_0.status_participacao,
        a1_0.telefone_contato,
        a1_0.telefone_responsavel 
    from
        aluno a1_0 
    where
        a1_0.id=?
2024-12-10T17:11:07.199-03:00 DEBUG 41030 --- [o-auto-1-exec-3] org.hibernate.SQL                        : 
    select
        p1_0.aluno_id,
        p1_0.id,
        p1_0.presente,
        w1_0.id,
        w1_0.data,
        w1_0.descricao,
        p2_0.id,
        p2_0.email,
        p2_0.especializacao,
        p2_0.instituicao_vinculo,
        p2_0.nome,
        p2_0.telefone_contato,
        w1_0.titulo 
    from
        participacao p1_0 
    left join
        workshop w1_0 
            on w1_0.id=p1_0.workshop_id 
    left join
        professor p2_0 
            on p2_0.id=w1_0.professor_id 
    where
        p1_0.aluno_id=?
2024-12-10T17:11:07.200-03:00 DEBUG 41030 --- [o-auto-1-exec-3] org.hibernate.SQL                        : 
    select
        c1_0.aluno_id,
        c1_0.id,
        c1_0.assinatura_digital,
        c1_0.data_emissao,
        w1_0.id,
        w1_0.data,
        w1_0.descricao,
        p1_0.id,
        p1_0.email,
        p1_0.especializacao,
        p1_0.instituicao_vinculo,
        p1_0.nome,
        p1_0.telefone_contato,
        w1_0.titulo 
    from
        certificado c1_0 
    left join
        workshop w1_0 
            on w1_0.id=c1_0.workshop_id 
    left join
        professor p1_0 
            on p1_0.id=w1_0.professor_id 
    where
        c1_0.aluno_id=?
2024-12-10T17:11:07.201-03:00  INFO 41030 --- [o-auto-1-exec-3] c.o.presence_hub.services.AlunoService   : Fetched Aluno: AlunoDTO[id=999, nome=John Doe, email=john.doe@example.com, senha=password, idade=23, serie=5th Year, instituicaoDeEnsino=Example Institute, telefoneContato=123-456-7893, cidade=Example Village, estado=Example State, nomeResponsavel=David Brown, telefoneResponsavel=098-765-4324, matriculaProjeto=654323, statusParticipacao=Active, dataInscricao=2023-03-01, observacoes=No observations, participacoes=[], certificados=[]]
]]></system-out>
  </testcase>
  <testcase name="deleteAlunoTest" classname="com.oficina.presence_hub.controllers.AlunoControllerTest" time="0.017">
    <system-out><![CDATA[2024-12-10T17:11:07.217-03:00  INFO 41030 --- [o-auto-1-exec-4] c.o.presence_hub.services.AlunoService   : Deleting Aluno with id: 998
2024-12-10T17:11:07.217-03:00 DEBUG 41030 --- [o-auto-1-exec-4] org.hibernate.SQL                        : 
    select
        a1_0.id,
        a1_0.cidade,
        a1_0.data_inscricao,
        a1_0.email,
        a1_0.estado,
        a1_0.idade,
        a1_0.instituicao_de_ensino,
        a1_0.matricula_projeto,
        a1_0.nome,
        a1_0.nome_responsavel,
        a1_0.observacoes,
        a1_0.senha,
        a1_0.serie,
        a1_0.status_participacao,
        a1_0.telefone_contato,
        a1_0.telefone_responsavel 
    from
        aluno a1_0 
    where
        a1_0.id=?
2024-12-10T17:11:07.218-03:00 DEBUG 41030 --- [o-auto-1-exec-4] org.hibernate.SQL                        : 
    select
        c1_0.aluno_id,
        c1_0.id,
        c1_0.assinatura_digital,
        c1_0.data_emissao,
        w1_0.id,
        w1_0.data,
        w1_0.descricao,
        p1_0.id,
        p1_0.email,
        p1_0.especializacao,
        p1_0.instituicao_vinculo,
        p1_0.nome,
        p1_0.telefone_contato,
        w1_0.titulo 
    from
        certificado c1_0 
    left join
        workshop w1_0 
            on w1_0.id=c1_0.workshop_id 
    left join
        professor p1_0 
            on p1_0.id=w1_0.professor_id 
    where
        c1_0.aluno_id=?
2024-12-10T17:11:07.221-03:00 DEBUG 41030 --- [o-auto-1-exec-4] org.hibernate.SQL                        : 
    select
        p1_0.aluno_id,
        p1_0.id,
        p1_0.presente,
        w1_0.id,
        w1_0.data,
        w1_0.descricao,
        p2_0.id,
        p2_0.email,
        p2_0.especializacao,
        p2_0.instituicao_vinculo,
        p2_0.nome,
        p2_0.telefone_contato,
        w1_0.titulo 
    from
        participacao p1_0 
    left join
        workshop w1_0 
            on w1_0.id=p1_0.workshop_id 
    left join
        professor p2_0 
            on p2_0.id=w1_0.professor_id 
    where
        p1_0.aluno_id=?
2024-12-10T17:11:07.223-03:00 DEBUG 41030 --- [o-auto-1-exec-4] org.hibernate.SQL                        : 
    delete 
    from
        certificado 
    where
        id=?
2024-12-10T17:11:07.224-03:00 DEBUG 41030 --- [o-auto-1-exec-4] org.hibernate.SQL                        : 
    delete 
    from
        certificado 
    where
        id=?
2024-12-10T17:11:07.224-03:00 DEBUG 41030 --- [o-auto-1-exec-4] org.hibernate.SQL                        : 
    delete 
    from
        participacao 
    where
        id=?
2024-12-10T17:11:07.224-03:00 DEBUG 41030 --- [o-auto-1-exec-4] org.hibernate.SQL                        : 
    delete 
    from
        participacao 
    where
        id=?
2024-12-10T17:11:07.224-03:00 DEBUG 41030 --- [o-auto-1-exec-4] org.hibernate.SQL                        : 
    delete 
    from
        aluno 
    where
        id=?
2024-12-10T17:11:07.225-03:00  INFO 41030 --- [o-auto-1-exec-4] c.o.presence_hub.services.AlunoService   : Aluno deleted successfully
]]></system-out>
  </testcase>
  <testcase name="updateAlunoTest" classname="com.oficina.presence_hub.controllers.AlunoControllerTest" time="0.024">
    <system-out><![CDATA[2024-12-10T17:11:07.236-03:00  INFO 41030 --- [o-auto-1-exec-5] c.o.presence_hub.services.AlunoService   : Updating Aluno with id: 999
2024-12-10T17:11:07.238-03:00 DEBUG 41030 --- [o-auto-1-exec-5] org.hibernate.SQL                        : 
    select
        a1_0.id,
        a1_0.cidade,
        a1_0.data_inscricao,
        a1_0.email,
        a1_0.estado,
        a1_0.idade,
        a1_0.instituicao_de_ensino,
        a1_0.matricula_projeto,
        a1_0.nome,
        a1_0.nome_responsavel,
        a1_0.observacoes,
        a1_0.senha,
        a1_0.serie,
        a1_0.status_participacao,
        a1_0.telefone_contato,
        a1_0.telefone_responsavel 
    from
        aluno a1_0 
    where
        a1_0.id=?
2024-12-10T17:11:07.239-03:00 DEBUG 41030 --- [o-auto-1-exec-5] org.hibernate.SQL                        : 
    select
        p1_0.aluno_id,
        p1_0.id,
        p1_0.presente,
        w1_0.id,
        w1_0.data,
        w1_0.descricao,
        p2_0.id,
        p2_0.email,
        p2_0.especializacao,
        p2_0.instituicao_vinculo,
        p2_0.nome,
        p2_0.telefone_contato,
        w1_0.titulo 
    from
        participacao p1_0 
    left join
        workshop w1_0 
            on w1_0.id=p1_0.workshop_id 
    left join
        professor p2_0 
            on p2_0.id=w1_0.professor_id 
    where
        p1_0.aluno_id=?
2024-12-10T17:11:07.239-03:00 DEBUG 41030 --- [o-auto-1-exec-5] org.hibernate.SQL                        : 
    select
        c1_0.aluno_id,
        c1_0.id,
        c1_0.assinatura_digital,
        c1_0.data_emissao,
        w1_0.id,
        w1_0.data,
        w1_0.descricao,
        p1_0.id,
        p1_0.email,
        p1_0.especializacao,
        p1_0.instituicao_vinculo,
        p1_0.nome,
        p1_0.telefone_contato,
        w1_0.titulo 
    from
        certificado c1_0 
    left join
        workshop w1_0 
            on w1_0.id=c1_0.workshop_id 
    left join
        professor p1_0 
            on p1_0.id=w1_0.professor_id 
    where
        c1_0.aluno_id=?
2024-12-10T17:11:07.240-03:00 DEBUG 41030 --- [o-auto-1-exec-5] org.hibernate.SQL                        : 
    update
        aluno 
    set
        cidade=?,
        data_inscricao=?,
        email=?,
        estado=?,
        idade=?,
        instituicao_de_ensino=?,
        matricula_projeto=?,
        nome=?,
        nome_responsavel=?,
        observacoes=?,
        senha=?,
        serie=?,
        status_participacao=?,
        telefone_contato=?,
        telefone_responsavel=? 
    where
        id=?
2024-12-10T17:11:07.241-03:00  INFO 41030 --- [o-auto-1-exec-5] c.o.presence_hub.services.AlunoService   : Aluno updated successfully: com.oficina.presence_hub.entities.Aluno@45e4e0f3
]]></system-out>
  </testcase>
</testsuite>