<?xml version="1.0" encoding="UTF-8"?>
<testsuite xmlns:xsi="http://www.w3.org/2001/XMLSchema-instance" xsi:noNamespaceSchemaLocation="https://maven.apache.org/surefire/maven-surefire-plugin/xsd/surefire-test-report-3.0.xsd" version="3.0" name="com.oficina.presence_hub.controllers.WorkshopControllerTest" time="0.104" tests="5" errors="0" skipped="0" failures="0">
  <properties>
[...]
</properties>
  <testcase name="deleteWorkshopTest" classname="com.oficina.presence_hub.controllers.WorkshopControllerTest" time="0.018">
    <system-out><![CDATA[2024-12-10T17:11:07.254-03:00  INFO 41030 --- [           main] t.c.s.AnnotationConfigContextLoaderUtils : Could not detect default configuration classes for test class [com.oficina.presence_hub.controllers.WorkshopControllerTest]: WorkshopControllerTest does not declare any static, non-private, non-final, nested classes annotated with @Configuration.
2024-12-10T17:11:07.265-03:00  INFO 41030 --- [           main] .b.t.c.SpringBootTestContextBootstrapper : Found @SpringBootConfiguration com.oficina.presence_hub.PresenceHubApplication for test class com.oficina.presence_hub.controllers.WorkshopControllerTest
2024-12-10T17:11:07.277-03:00 DEBUG 41030 --- [o-auto-1-exec-6] org.hibernate.SQL                        : 
    select
        w1_0.id,
        w1_0.data,
        w1_0.descricao,
        p1_0.id,
        p1_0.email,
        p1_0.especializacao,
        p1_0.instituicao_vinculo,
        p1_0.nome,
        p1_0.telefone_contato,
        w1_0.titulo 
    from
        workshop w1_0 
    left join
        professor p1_0 
            on p1_0.id=w1_0.professor_id 
    where
        w1_0.id=?
2024-12-10T17:11:07.279-03:00 DEBUG 41030 --- [o-auto-1-exec-6] org.hibernate.SQL                        : 
    select
        p1_0.workshop_id,
        p1_0.id,
        a1_0.id,
        a1_0.cidade,
        a1_0.data_inscricao,
        a1_0.email,
        a1_0.estado,
        a1_0.idade,
        a1_0.instituicao_de_ensino,
        a1_0.matricula_projeto,
        a1_0.nome,
        a1_0.nome_responsavel,
        a1_0.observacoes,
        a1_0.senha,
        a1_0.serie,
        a1_0.status_participacao,
        a1_0.telefone_contato,
        a1_0.telefone_responsavel,
        p1_0.presente 
    from
        participacao p1_0 
    left join
        aluno a1_0 
            on a1_0.id=p1_0.aluno_id 
    where
        p1_0.workshop_id=?
2024-12-10T17:11:07.280-03:00 DEBUG 41030 --- [o-auto-1-exec-6] org.hibernate.SQL                        : 
    delete 
    from
        workshop 
    where
        id=?
]]></system-out>
  </testcase>
  <testcase name="updateWorkshopTest" classname="com.oficina.presence_hub.controllers.WorkshopControllerTest" time="0.035">
    <system-out><![CDATA[2024-12-10T17:11:07.295-03:00 DEBUG 41030 --- [o-auto-1-exec-7] org.hibernate.SQL                        : 
    select
        w1_0.id,
        w1_0.data,
        w1_0.descricao,
        p1_0.id,
        p1_0.email,
        p1_0.especializacao,
        p1_0.instituicao_vinculo,
        p1_0.nome,
        p1_0.telefone_contato,
        w1_0.titulo 
    from
        workshop w1_0 
    left join
        professor p1_0 
            on p1_0.id=w1_0.professor_id 
    where
        w1_0.id=?
2024-12-10T17:11:07.296-03:00 DEBUG 41030 --- [o-auto-1-exec-7] org.hibernate.SQL                        : 
    select
        p1_0.workshop_id,
        p1_0.id,
        a1_0.id,
        a1_0.cidade,
        a1_0.data_inscricao,
        a1_0.email,
        a1_0.estado,
        a1_0.idade,
        a1_0.instituicao_de_ensino,
        a1_0.matricula_projeto,
        a1_0.nome,
        a1_0.nome_responsavel,
        a1_0.observacoes,
        a1_0.senha,
        a1_0.serie,
        a1_0.status_participacao,
        a1_0.telefone_contato,
        a1_0.telefone_responsavel,
        p1_0.presente 
    from
        participacao p1_0 
    left join
        aluno a1_0 
            on a1_0.id=p1_0.aluno_id 
    where
        p1_0.workshop_id=?
2024-12-10T17:11:07.297-03:00 DEBUG 41030 --- [o-auto-1-exec-7] org.hibernate.SQL                        : 
    update
        workshop 
    set
        data=?,
        descricao=?,
        professor_id=?,
        titulo=? 
    where
        id=?
]]></system-out>
  </testcase>
  <testcase name="getAllWorkshopsTest" classname="com.oficina.presence_hub.controllers.WorkshopControllerTest" time="0.009">
    <system-out><![CDATA[2024-12-10T17:11:07.326-03:00 DEBUG 41030 --- [o-auto-1-exec-9] org.hibernate.SQL                        : 
    select
        w1_0.id,
        w1_0.data,
        w1_0.descricao,
        w1_0.professor_id,
        w1_0.titulo 
    from
        workshop w1_0
]]></system-out>
  </testcase>
  <testcase name="getWorkshopByIdTest" classname="com.oficina.presence_hub.controllers.WorkshopControllerTest" time="0.015">
    <system-out><![CDATA[2024-12-10T17:11:07.336-03:00 DEBUG 41030 --- [o-auto-1-exec-8] org.hibernate.SQL                        : 
    select
        w1_0.id,
        w1_0.data,
        w1_0.descricao,
        p1_0.id,
        p1_0.email,
        p1_0.especializacao,
        p1_0.instituicao_vinculo,
        p1_0.nome,
        p1_0.telefone_contato,
        w1_0.titulo 
    from
        workshop w1_0 
    left join
        professor p1_0 
            on p1_0.id=w1_0.professor_id 
    where
        w1_0.id=?
2024-12-10T17:11:07.337-03:00 DEBUG 41030 --- [o-auto-1-exec-8] org.hibernate.SQL                        : 
    select
        p1_0.workshop_id,
        p1_0.id,
        a1_0.id,
        a1_0.cidade,
        a1_0.data_inscricao,
        a1_0.email,
        a1_0.estado,
        a1_0.idade,
        a1_0.instituicao_de_ensino,
        a1_0.matricula_projeto,
        a1_0.nome,
        a1_0.nome_responsavel,
        a1_0.observacoes,
        a1_0.senha,
        a1_0.serie,
        a1_0.status_participacao,
        a1_0.telefone_contato,
        a1_0.telefone_responsavel,
        p1_0.presente 
    from
        participacao p1_0 
    left join
        aluno a1_0 
            on a1_0.id=p1_0.aluno_id 
    where
        p1_0.workshop_id=?
]]></system-out>
  </testcase>
  <testcase name="createWorkshopTest" classname="com.oficina.presence_hub.controllers.WorkshopControllerTest" time="0.01">
    <system-out><![CDATA[2024-12-10T17:11:07.353-03:00 DEBUG 41030 --- [-auto-1-exec-10] org.hibernate.SQL                        : 
    insert 
    into
        workshop
        (data,descricao,professor_id,titulo) 
    values
        (?,?,?,?)
]]></system-out>
  </testcase>
</testsuite>